\BOOKMARK [-1][-]{part.1}{I Conjuntos}{}% 1
\BOOKMARK [0][-]{chapter.1}{Os Axiomas e as Contru\347\365es Essenciais}{part.1}% 2
\BOOKMARK [1][-]{section.1.1}{Axiomas do Vazio, da Extens\343o e das Partes}{chapter.1}% 3
\BOOKMARK [1][-]{section.1.2}{Axiomas da Especifica\347\343o e do Par}{chapter.1}% 4
\BOOKMARK [1][-]{section.1.3}{Axioma da Uni\343o}{chapter.1}% 5
\BOOKMARK [1][-]{section.1.4}{Axioma da Escolha}{chapter.1}% 6
\BOOKMARK [1][-]{section.1.5}{Axiomas do Infinito e da Funda\347\343o}{chapter.1}% 7
\BOOKMARK [1][-]{section.1.6}{Axioma da Substitui\347\343o}{chapter.1}% 8
\BOOKMARK [0][-]{chapter.2}{Fam\355lias e Propriedades de Conjuntos}{part.1}% 9
\BOOKMARK [1][-]{section.2.1}{Fam\355lias e Indexa\347\365es}{chapter.2}% 10
\BOOKMARK [1][-]{section.2.2}{Propriedades de Uni\343o e Interse\347\343o}{chapter.2}% 11
\BOOKMARK [1][-]{section.2.3}{Produto de Conjuntos}{chapter.2}% 12
\BOOKMARK [1][-]{section.2.4}{Coproduto de Conjuntos}{chapter.2}% 13
\BOOKMARK [0][-]{chapter.3}{Rela\347\365es e Fun\347\365es}{part.1}% 14
\BOOKMARK [1][-]{section.3.1}{Rela\347\365es}{chapter.3}% 15
\BOOKMARK [1][-]{section.3.2}{Fun\347\365es}{chapter.3}% 16
\BOOKMARK [2][-]{subsection.3.2.1}{Composi\347\343o de Fun\347\365es}{section.3.2}% 17
\BOOKMARK [2][-]{subsection.3.2.2}{Fun\347\343o Inversa, Injetividade e Sobrejetividade}{section.3.2}% 18
\BOOKMARK [2][-]{subsection.3.2.3}{Conjunto Pot\352ncia \(Conjunto de Fun\347\365es\)}{section.3.2}% 19
\BOOKMARK [1][-]{section.3.3}{Imagem Inversa de Fun\347\343o e Propriedades}{chapter.3}% 20
\BOOKMARK [1][-]{section.3.4}{Propriedades de Imagem e Imagem Inversa}{chapter.3}% 21
\BOOKMARK [0][-]{chapter.4}{Rela\347\365es Bin\341rias}{part.1}% 22
\BOOKMARK [1][-]{section.4.1}{Rela\347\365es de Equival\352ncia}{chapter.4}% 23
\BOOKMARK [1][-]{section.4.2}{Rela\347\365es de Ordem}{chapter.4}% 24
\BOOKMARK [2][-]{subsection.4.2.1}{Ordens Parciais, Estritas e Totais}{section.4.2}% 25
\BOOKMARK [2][-]{subsection.4.2.2}{Conjuntos Parcialmente Ordenados}{section.4.2}% 26
\BOOKMARK [2][-]{subsection.4.2.3}{Fun\347\365es Mon\363tonas}{section.4.2}% 27
\BOOKMARK [2][-]{subsection.4.2.4}{Cadeias e Lema de Zorn}{section.4.2}% 28
\BOOKMARK [2][-]{subsection.4.2.5}{Reticulados}{section.4.2}% 29
\BOOKMARK [0][-]{chapter.5}{Cardinalidade de Conjuntos}{part.1}% 30
\BOOKMARK [1][-]{section.5.1}{Igualdade de Cardinais}{chapter.5}% 31
\BOOKMARK [1][-]{section.5.2}{Ordena\347\343o de Cardinais}{chapter.5}% 32
\BOOKMARK [1][-]{section.5.3}{Opera\347\365es com Cardinais}{chapter.5}% 33
\BOOKMARK [1][-]{section.5.4}{Cardinalidade de Soma \(ou Uni\343o Disjunta\)}{chapter.5}% 34
\BOOKMARK [0][-]{chapter.6}{Conjuntos Num\351ricos}{part.1}% 35
\BOOKMARK [1][-]{section.6.1}{N\372meros Naturais}{chapter.6}% 36
\BOOKMARK [2][-]{subsection.6.1.1}{Adi\347\343o}{section.6.1}% 37
\BOOKMARK [2][-]{subsection.6.1.2}{Multiplica\347\343o}{section.6.1}% 38
\BOOKMARK [2][-]{subsection.6.1.3}{Ordena\347\343o}{section.6.1}% 39
\BOOKMARK [1][-]{section.6.2}{N\372meros Inteiros}{chapter.6}% 40
\BOOKMARK [2][-]{subsection.6.2.1}{Adi\347\343o e Subtra\347\343o}{section.6.2}% 41
\BOOKMARK [2][-]{subsection.6.2.2}{Multiplica\347\343o}{section.6.2}% 42
\BOOKMARK [2][-]{subsection.6.2.3}{Ordena\347\343o}{section.6.2}% 43
\BOOKMARK [1][-]{section.6.3}{N\372meros Racionais}{chapter.6}% 44
\BOOKMARK [2][-]{subsection.6.3.1}{Adi\347\343o e Subtra\347\343o}{section.6.3}% 45
\BOOKMARK [2][-]{subsection.6.3.2}{Multiplica\347\343o e Divis\343o}{section.6.3}% 46
\BOOKMARK [2][-]{subsection.6.3.3}{Ordena\347\343o}{section.6.3}% 47
\BOOKMARK [1][-]{section.6.4}{N\372meros Reais}{chapter.6}% 48
\BOOKMARK [2][-]{subsection.6.4.1}{Adi\347\343o e Subtra\347\343o}{section.6.4}% 49
\BOOKMARK [2][-]{subsection.6.4.2}{Multiplica\347\343o e Divis\343o}{section.6.4}% 50
\BOOKMARK [2][-]{subsection.6.4.3}{Ordena\347\343o}{section.6.4}% 51
\BOOKMARK [2][-]{subsection.6.4.4}{Completude}{section.6.4}% 52
\BOOKMARK [0][-]{chapter.7}{Resto tempor\341rio}{part.1}% 53
\BOOKMARK [1][-]{section.7.1}{Complementares e Diferen\347a Sim\351trica}{chapter.7}% 54
\BOOKMARK [2][-]{subsection.7.1.1}{Propriedades}{section.7.1}% 55
\BOOKMARK [1][-]{section.7.2}{Outras defini\347\365es}{chapter.7}% 56
\BOOKMARK [1][-]{section.7.3}{Limites de Conjuntos}{chapter.7}% 57
\BOOKMARK [-1][-]{part.2}{II \301lgebra}{}% 58
\BOOKMARK [0][-]{chapter.8}{Opera\347\365es Bin\341rias, Magmas, Semigrupos e Monoides}{part.2}% 59
\BOOKMARK [1][-]{section.8.1}{Opera\347\365es Bin\341rias}{chapter.8}% 60
\BOOKMARK [1][-]{section.8.2}{Magma}{chapter.8}% 61
\BOOKMARK [1][-]{section.8.3}{Semigrupo}{chapter.8}% 62
\BOOKMARK [1][-]{section.8.4}{Homomorfismo de Semigrupos}{chapter.8}% 63
\BOOKMARK [1][-]{section.8.5}{Monoide}{chapter.8}% 64
\BOOKMARK [1][-]{section.8.6}{Homomorfismos de Monoides}{chapter.8}% 65
\BOOKMARK [0][-]{chapter.9}{Grupos}{part.2}% 66
\BOOKMARK [1][-]{section.9.1}{Grupo}{chapter.9}% 67
\BOOKMARK [1][-]{section.9.2}{Subgrupo}{chapter.9}% 68
\BOOKMARK [1][-]{section.9.3}{Coclasses e \315ndice de Subgrupo}{chapter.9}% 69
\BOOKMARK [1][-]{section.9.4}{Subgrupo Normal e Grupo Quociente}{chapter.9}% 70
\BOOKMARK [1][-]{section.9.5}{Homomorfismo de Grupo}{chapter.9}% 71
\BOOKMARK [1][-]{section.9.6}{N\372cleo, Imagem e Isomorfismo}{chapter.9}% 72
\BOOKMARK [1][-]{section.9.7}{Teoremas de Isomorfismo}{chapter.9}% 73
\BOOKMARK [1][-]{section.9.8}{Produto de Grupos}{chapter.9}% 74
\BOOKMARK [1][-]{section.9.9}{Grupo Livre}{chapter.9}% 75
\BOOKMARK [1][-]{section.9.10}{Coproduto de Grupos}{chapter.9}% 76
\BOOKMARK [1][-]{section.9.11}{Grupo Simples e Subgrupo Normal Maximal}{chapter.9}% 77
\BOOKMARK [1][-]{section.9.12}{Sequ\352ncia subnormal}{chapter.9}% 78
\BOOKMARK [1][-]{section.9.13}{Conjunto gerador}{chapter.9}% 79
\BOOKMARK [1][-]{section.9.14}{Grupos Sim\351tricos e Alternados}{chapter.9}% 80
\BOOKMARK [2][-]{subsection.9.14.1}{Permuta\347\365es e \323rbitas}{section.9.14}% 81
\BOOKMARK [2][-]{subsection.9.14.2}{Permuta\347\365es, Ciclos e Transposi\347\365es}{section.9.14}% 82
\BOOKMARK [1][-]{section.9.15}{Grupos C\355clicos}{chapter.9}% 83
\BOOKMARK [1][-]{section.9.16}{Grupos Diedrais}{chapter.9}% 84
\BOOKMARK [0][-]{chapter.10}{An\351is}{part.2}% 85
\BOOKMARK [1][-]{section.10.1}{Anel}{chapter.10}% 86
\BOOKMARK [1][-]{section.10.2}{Subanel}{chapter.10}% 87
\BOOKMARK [1][-]{section.10.3}{O Anel de Polin\364mios e o Anel Produto}{chapter.10}% 88
\BOOKMARK [1][-]{section.10.4}{Ideais e An\351is Quocientes}{chapter.10}% 89
\BOOKMARK [1][-]{section.10.5}{Homomorfismos de An\351is}{chapter.10}% 90
\BOOKMARK [1][-]{section.10.6}{Teoremas de Isomorfismo}{chapter.10}% 91
\BOOKMARK [1][-]{section.10.7}{Ideais Primos e Ideais Maximais}{chapter.10}% 92
\BOOKMARK [1][-]{section.10.8}{Dom\355nios Euclidianos}{chapter.10}% 93
\BOOKMARK [1][-]{section.10.9}{Divis\343o e Associa\347\343o em An\351is}{chapter.10}% 94
\BOOKMARK [2][-]{subsection.10.9.1}{Divis\343o e Associa\347\343o}{section.10.9}% 95
\BOOKMARK [2][-]{subsection.10.9.2}{Rela\347\343o de Associa\347\343o}{section.10.9}% 96
\BOOKMARK [1][-]{section.10.10}{Dom\355nios de Fatora\347\343o \332nica}{chapter.10}% 97
\BOOKMARK [1][-]{section.10.11}{Ra\355zes de Polin\364mios}{chapter.10}% 98
\BOOKMARK [0][-]{chapter.11}{Corpos}{part.2}% 99
\BOOKMARK [1][-]{section.11.1}{Extens\365es de Corpos}{chapter.11}% 100
\BOOKMARK [1][-]{section.11.2}{COISAS DA PROVA 3}{chapter.11}% 101
\BOOKMARK [0][-]{chapter.12}{Matrizes}{part.2}% 102
\BOOKMARK [1][-]{section.12.1}{Soma de Matrizes}{chapter.12}% 103
\BOOKMARK [1][-]{section.12.2}{Produto de Matrizes e Produto Por Escalar}{chapter.12}% 104
\BOOKMARK [1][-]{section.12.3}{Matrizes Quadradas}{chapter.12}% 105
\BOOKMARK [1][-]{section.12.4}{Tra\347o e Determinante}{chapter.12}% 106
\BOOKMARK [0][-]{chapter.13}{Espa\347os Vetoriais}{part.2}% 107
\BOOKMARK [1][-]{section.13.1}{Espa\347o e Subespa\347o Vetoriais}{chapter.13}% 108
\BOOKMARK [1][-]{section.13.2}{Combina\347\343o Linear de Vetores}{chapter.13}% 109
\BOOKMARK [1][-]{section.13.3}{Soma de Subespa\347os Vetoriais}{chapter.13}% 110
\BOOKMARK [1][-]{section.13.4}{Bases de Espa\347os Vetoriais}{chapter.13}% 111
\BOOKMARK [1][-]{section.13.5}{Transforma\347\365es Lineares}{chapter.13}% 112
\BOOKMARK [1][-]{section.13.6}{Representa\347\343o Matricial}{chapter.13}% 113
\BOOKMARK [1][-]{section.13.7}{Espa\347os Vetoriais Normados}{chapter.13}% 114
\BOOKMARK [1][-]{section.13.8}{Produto e Soma Catog\363ricas de Espa\347os Vetoriais}{chapter.13}% 115
\BOOKMARK [2][-]{subsection.13.8.1}{Produto}{section.13.8}% 116
\BOOKMARK [2][-]{subsection.13.8.2}{Soma \(Coproduto\)}{section.13.8}% 117
\BOOKMARK [0][-]{chapter.14}{\301lgebras Booleanas}{part.2}% 118
